Using pre-set license
Built from 'trunk' branch; Version is '2023.1.0a13 (fc04da902fb9) revision 16516314'; Using compiler version '192829333'; Build Type 'Release'
OS: 'Windows 10  (10.0.18363) 64bit ProfessionalWorkstation' Language: 'zh' Physical Memory: 30638 MB
BatchMode: 1, IsHumanControllingUs: 0, StartBugReporterOnCrash: 0, Is64bit: 1, IsPro: 1

COMMAND LINE ARGUMENTS:
D:\Unity3D\2023.1.0a13\Editor\Unity.exe
-adb2
-batchMode
-noUpm
-name
AssetImportWorker1
-projectPath
D:/Unity3D/Projects/EndWhereYouStart
-logFile
Logs/AssetImportWorker1.log
-srvPort
63522
Successfully changed project path to: D:/Unity3D/Projects/EndWhereYouStart
D:/Unity3D/Projects/EndWhereYouStart
[UnityMemory] Configuration Parameters - Can be set up in boot.config
    "memorysetup-bucket-allocator-granularity=16"
    "memorysetup-bucket-allocator-bucket-count=8"
    "memorysetup-bucket-allocator-block-size=33554432"
    "memorysetup-bucket-allocator-block-count=8"
    "memorysetup-main-allocator-block-size=16777216"
    "memorysetup-thread-allocator-block-size=16777216"
    "memorysetup-gfx-main-allocator-block-size=16777216"
    "memorysetup-gfx-thread-allocator-block-size=16777216"
    "memorysetup-cache-allocator-block-size=4194304"
    "memorysetup-typetree-allocator-block-size=2097152"
    "memorysetup-profiler-bucket-allocator-granularity=16"
    "memorysetup-profiler-bucket-allocator-bucket-count=8"
    "memorysetup-profiler-bucket-allocator-block-size=33554432"
    "memorysetup-profiler-bucket-allocator-block-count=8"
    "memorysetup-profiler-allocator-block-size=16777216"
    "memorysetup-profiler-editor-allocator-block-size=1048576"
    "memorysetup-temp-allocator-size-main=16777216"
    "memorysetup-job-temp-allocator-block-size=2097152"
    "memorysetup-job-temp-allocator-block-size-background=1048576"
    "memorysetup-job-temp-allocator-reduction-small-platforms=262144"
    "memorysetup-temp-allocator-size-background-worker=32768"
    "memorysetup-temp-allocator-size-job-worker=262144"
    "memorysetup-temp-allocator-size-preload-manager=33554432"
    "memorysetup-temp-allocator-size-nav-mesh-worker=65536"
    "memorysetup-temp-allocator-size-audio-worker=65536"
    "memorysetup-temp-allocator-size-cloud-worker=32768"
    "memorysetup-temp-allocator-size-gi-baking-worker=262144"
    "memorysetup-temp-allocator-size-gfx=262144"
Player connection [1928] Host "[IP] 172.24.2.230 [Port] 0 [Flags] 2 [Guid] 3834552139 [EditorId] 3834552139 [Version] 1048832 [Id] WindowsEditor(7,Zijia) [Debug] 1 [PackageName] WindowsEditor [ProjectName] Editor" joined multi-casting on [225.0.0.222:54997]...

Player connection [1928] Host "[IP] 172.24.2.230 [Port] 0 [Flags] 2 [Guid] 3834552139 [EditorId] 3834552139 [Version] 1048832 [Id] WindowsEditor(7,Zijia) [Debug] 1 [PackageName] WindowsEditor [ProjectName] Editor" joined alternative multi-casting on [225.0.0.222:34997]...

Initialize engine version: 2023.1.0a13 (fc04da902fb9)
[Subsystems] Discovering subsystems at path D:/Unity3D/2023.1.0a13/Editor/Data/Resources/UnitySubsystems
[Subsystems] Discovering subsystems at path D:/Unity3D/Projects/EndWhereYouStart/Assets
GfxDevice: creating device client; threaded=0; jobified=0
Direct3D:
    Version:  Direct3D 11.0 [level 11.1]
    Renderer: AMD Radeon(TM) Graphics (ID=0x1636)
    Vendor:   ATI
    VRAM:     15319 MB
    Driver:   26.20.14052.0
Initialize mono
Mono path[0] = 'D:/Unity3D/2023.1.0a13/Editor/Data/Managed'
Mono path[1] = 'D:/Unity3D/2023.1.0a13/Editor/Data/MonoBleedingEdge/lib/mono/unityjit-win32'
Mono config path = 'D:/Unity3D/2023.1.0a13/Editor/Data/MonoBleedingEdge/etc'
Using monoOptions --debugger-agent=transport=dt_socket,embedding=1,server=y,suspend=n,address=127.0.0.1:56988
Begin MonoManager ReloadAssembly
Registering precompiled unity dll's ...
Register platform support module: D:/Unity3D/2023.1.0a13/Editor/Data/PlaybackEngines/WindowsStandaloneSupport/UnityEditor.WindowsStandalone.Extensions.dll
Registered in 0.003838 seconds.
Refreshing native plugins compatible for Editor in 0.00 ms, found 0 plugins.
- Loaded All Assemblies, in  0.447 seconds
Native extension for WindowsStandalone target not found
Mono: successfully reloaded assembly
- Finished resetting the current domain, in  0.473 seconds
Domain Reload Profiling:
	ReloadAssembly (273ms)
		BeginReloadAssembly (145ms)
			ExecutionOrderSort (0ms)
			DisableScriptedObjects (0ms)
			BackupInstance (0ms)
			ReleaseScriptingObjects (0ms)
			CreateAndSetChildDomain (1ms)
		LoadAllAssembliesAndSetupDomain (174ms)
			LoadAssemblies (144ms)
			RebuildTransferFunctionScriptingTraits (0ms)
			AnalyzeDomain (170ms)
				TypeCache.Refresh (168ms)
					TypeCache.ScanAssembly (151ms)
				ScanForSourceGeneratedMonoScriptInfo (0ms)
				ResolveRequiredComponents (1ms)
		FinalizeReload (473ms)
			ReleaseScriptCaches (0ms)
			RebuildScriptCaches (0ms)
			SetupLoadedEditorAssemblies (406ms)
				LogAssemblyErrors (0ms)
				InitializePlatformSupportModulesInManaged (11ms)
				SetLoadedEditorAssemblies (7ms)
				RefreshPlugins (0ms)
				BeforeProcessingInitializeOnLoad (2ms)
				ProcessInitializeOnLoadAttributes (320ms)
				ProcessInitializeOnLoadMethodAttributes (67ms)
				AfterProcessingInitializeOnLoad (0ms)
				EditorAssembliesLoaded (0ms)
			ExecutionOrderSort2 (0ms)
			AwakeInstancesAfterBackupRestoration (0ms)
========================================================================
Worker process is ready to serve import requests
Registering precompiled user dll's ...
Registered in 0.004335 seconds.
Begin MonoManager ReloadAssembly
Symbol file LoadedFromMemory doesn't match image D:\Unity3D\Projects\EndWhereYouStart\Library\PackageCache\com.unity.visualscripting@1.7.8\Editor\VisualScripting.Core\Dependencies\YamlDotNet\Unity.VisualScripting.YamlDotNet.dll
Symbol file LoadedFromMemory doesn't match image D:\Unity3D\Projects\EndWhereYouStart\Library\PackageCache\com.unity.visualscripting@1.7.8\Editor\VisualScripting.Core\Dependencies\DotNetZip\Unity.VisualScripting.IonicZip.dll
- Loaded All Assemblies, in  1.342 seconds
Refreshing native plugins compatible for Editor in 1.70 ms, found 4 plugins.
Native extension for WindowsStandalone target not found
Mono: successfully reloaded assembly
- Finished resetting the current domain, in  0.934 seconds
Domain Reload Profiling:
	ReloadAssembly (323ms)
		BeginReloadAssembly (209ms)
			ExecutionOrderSort (0ms)
			DisableScriptedObjects (7ms)
			BackupInstance (0ms)
			ReleaseScriptingObjects (0ms)
			CreateAndSetChildDomain (38ms)
		LoadAllAssembliesAndSetupDomain (1018ms)
			LoadAssemblies (441ms)
			RebuildTransferFunctionScriptingTraits (0ms)
			AnalyzeDomain (694ms)
				TypeCache.Refresh (348ms)
					TypeCache.ScanAssembly (327ms)
				ScanForSourceGeneratedMonoScriptInfo (340ms)
				ResolveRequiredComponents (6ms)
		FinalizeReload (934ms)
			ReleaseScriptCaches (0ms)
			RebuildScriptCaches (0ms)
			SetupLoadedEditorAssemblies (752ms)
				LogAssemblyErrors (0ms)
				InitializePlatformSupportModulesInManaged (7ms)
				SetLoadedEditorAssemblies (10ms)
				RefreshPlugins (0ms)
				BeforeProcessingInitializeOnLoad (177ms)
				ProcessInitializeOnLoadAttributes (489ms)
				ProcessInitializeOnLoadMethodAttributes (67ms)
				AfterProcessingInitializeOnLoad (3ms)
				EditorAssembliesLoaded (0ms)
			ExecutionOrderSort2 (0ms)
			AwakeInstancesAfterBackupRestoration (12ms)
Launched and connected shader compiler UnityShaderCompiler.exe after 0.01 seconds
Refreshing native plugins compatible for Editor in 2.39 ms, found 4 plugins.
Preloading 0 native plugins for Editor in 0.00 ms.
Unloading 4304 Unused Serialized files (Serialized files now loaded: 0)
Unloading 40 unused Assets / (67.4 KB). Loaded Objects now: 4768.
Memory consumption went from 0.65 GB to 0.65 GB.
Total: 5.198700 ms (FindLiveObjects: 0.723300 ms CreateObjectMapping: 0.286500 ms MarkObjects: 4.050000 ms  DeleteObjects: 0.137000 ms)

AssetImportParameters requested are different than current active one (requested -> active):
  custom:video-decoder-webm-vp8: 9c59270c3fd7afecdb556c50c9e8de78 -> 
  custom:audio-encoder-webm-vorbis: bf7c407c2cedff20999df2af8eb42d56 -> 
  custom:AudioImporter_EditorPlatform: d09bf68614088b80899f8185d706f6e7 -> 
  custom:audio-decoder-ogg-vorbis: bf7c407c2cedff20999df2af8eb42d56 -> 
  custom:video-encoder-webm-vp8: eb34c28f22e8b96e1ab97ce403110664 -> 
  custom:container-demuxer-ogg: 62fdf1f143b41e24485cea50d1cbac27 -> 
  custom:framework-win-MediaFoundation: 216162199b28c13a410421893ffa2e32 -> 
  custom:video-decoder-ogg-theora: a1e56fd34408186e4bbccfd4996cb3dc -> 
  custom:container-muxer-webm: aa71ff27fc2769a1b78a27578f13a17b -> 
  custom:container-demuxer-webm: 4f35f7cbe854078d1ac9338744f61a02 -> 
========================================================================
Received Import Request.
  Time since last request: 5100.691724 seconds.
  path: Assets/block/stone.png
  artifactKey: Guid(38d98e94d39d488468ad9698a3b6be0e) Importer(815301076,1909f56bfc062723c751e8b465ee728b)
Start importing Assets/block/stone.png using Guid(38d98e94d39d488468ad9698a3b6be0e) Importer(815301076,1909f56bfc062723c751e8b465ee728b)  -> (artifact id: '85a43e4ffc1bcd0618e11f968f92de6b') in 0.118373 seconds 
Number of updated asset objects reloaded before import = 0
Number of asset objects unloaded after import = 3
========================================================================
Received Import Request.
  Time since last request: 0.000030 seconds.
  path: Assets/block/wood.png
  artifactKey: Guid(cf23d61fb5371964f9ba4d1abf9bfd13) Importer(815301076,1909f56bfc062723c751e8b465ee728b)
Start importing Assets/block/wood.png using Guid(cf23d61fb5371964f9ba4d1abf9bfd13) Importer(815301076,1909f56bfc062723c751e8b465ee728b)  -> (artifact id: 'ccced5436d0a292b3a3a4eedb4e845a0') in 0.008458 seconds 
Number of updated asset objects reloaded before import = 0
Number of asset objects unloaded after import = 3
========================================================================
Received Prepare
Registering precompiled user dll's ...
Registered in 0.003906 seconds.
Begin MonoManager ReloadAssembly
Symbol file LoadedFromMemory doesn't match image D:\Unity3D\Projects\EndWhereYouStart\Library\PackageCache\com.unity.visualscripting@1.7.8\Editor\VisualScripting.Core\Dependencies\YamlDotNet\Unity.VisualScripting.YamlDotNet.dll
Symbol file LoadedFromMemory doesn't match image D:\Unity3D\Projects\EndWhereYouStart\Library\PackageCache\com.unity.visualscripting@1.7.8\Editor\VisualScripting.Core\Dependencies\DotNetZip\Unity.VisualScripting.IonicZip.dll
- Loaded All Assemblies, in  0.656 seconds
Refreshing native plugins compatible for Editor in 1.47 ms, found 4 plugins.
Native extension for WindowsStandalone target not found
Mono: successfully reloaded assembly
- Finished resetting the current domain, in  1.296 seconds
Domain Reload Profiling:
	ReloadAssembly (275ms)
		BeginReloadAssembly (195ms)
			ExecutionOrderSort (0ms)
			DisableScriptedObjects (8ms)
			BackupInstance (0ms)
			ReleaseScriptingObjects (0ms)
			CreateAndSetChildDomain (52ms)
		LoadAllAssembliesAndSetupDomain (381ms)
			LoadAssemblies (137ms)
			RebuildTransferFunctionScriptingTraits (0ms)
			AnalyzeDomain (345ms)
				TypeCache.Refresh (0ms)
					TypeCache.ScanAssembly (0ms)
				ScanForSourceGeneratedMonoScriptInfo (338ms)
				ResolveRequiredComponents (6ms)
		FinalizeReload (1297ms)
			ReleaseScriptCaches (0ms)
			RebuildScriptCaches (0ms)
			SetupLoadedEditorAssemblies (833ms)
				LogAssemblyErrors (0ms)
				InitializePlatformSupportModulesInManaged (15ms)
				SetLoadedEditorAssemblies (12ms)
				RefreshPlugins (0ms)
				BeforeProcessingInitializeOnLoad (203ms)
				ProcessInitializeOnLoadAttributes (542ms)
				ProcessInitializeOnLoadMethodAttributes (58ms)
				AfterProcessingInitializeOnLoad (3ms)
				EditorAssembliesLoaded (1ms)
			ExecutionOrderSort2 (0ms)
			AwakeInstancesAfterBackupRestoration (18ms)
Refreshing native plugins compatible for Editor in 1.86 ms, found 4 plugins.
Preloading 0 native plugins for Editor in 0.00 ms.
Unloading 4277 Unused Serialized files (Serialized files now loaded: 0)
Unloading 12 unused Assets / (29.9 KB). Loaded Objects now: 4777.
Memory consumption went from 0.64 GB to 0.64 GB.
Total: 6.888800 ms (FindLiveObjects: 0.638700 ms CreateObjectMapping: 0.556100 ms MarkObjects: 5.572800 ms  DeleteObjects: 0.118700 ms)

AssetImportParameters requested are different than current active one (requested -> active):
  custom:video-decoder-webm-vp8: 9c59270c3fd7afecdb556c50c9e8de78 -> 
  custom:audio-encoder-webm-vorbis: bf7c407c2cedff20999df2af8eb42d56 -> 
  custom:AudioImporter_EditorPlatform: d09bf68614088b80899f8185d706f6e7 -> 
  custom:audio-decoder-ogg-vorbis: bf7c407c2cedff20999df2af8eb42d56 -> 
  custom:video-encoder-webm-vp8: eb34c28f22e8b96e1ab97ce403110664 -> 
  custom:container-demuxer-ogg: 62fdf1f143b41e24485cea50d1cbac27 -> 
  custom:framework-win-MediaFoundation: 216162199b28c13a410421893ffa2e32 -> 
  custom:video-decoder-ogg-theora: a1e56fd34408186e4bbccfd4996cb3dc -> 
  custom:container-muxer-webm: aa71ff27fc2769a1b78a27578f13a17b -> 
  custom:container-demuxer-webm: 4f35f7cbe854078d1ac9338744f61a02 -> 
========================================================================
Received Import Request.
  Time since last request: 192.618787 seconds.
  path: Assets/TilpMap/Pallet/Light_Soil_Sample_68.asset
  artifactKey: Guid(abc77e8a333e79240a3e039237aa27ab) Importer(815301076,1909f56bfc062723c751e8b465ee728b)
Start importing Assets/TilpMap/Pallet/Light_Soil_Sample_68.asset using Guid(abc77e8a333e79240a3e039237aa27ab) Importer(815301076,1909f56bfc062723c751e8b465ee728b)  -> (artifact id: 'c2fc879f24cc4517616563bf36c67919') in 0.103086 seconds 
Number of updated asset objects reloaded before import = 0
Number of asset objects unloaded after import = 3
========================================================================
Received Import Request.
  Time since last request: 0.000040 seconds.
  path: Assets/TilpMap/Pallet/Light_Soil_Sample_93.asset
  artifactKey: Guid(2296db863df1c6640b8a724d71558722) Importer(815301076,1909f56bfc062723c751e8b465ee728b)
Start importing Assets/TilpMap/Pallet/Light_Soil_Sample_93.asset using Guid(2296db863df1c6640b8a724d71558722) Importer(815301076,1909f56bfc062723c751e8b465ee728b)  -> (artifact id: 'fcbb9dda59c49d76faf028a6d7c68f38') in 0.015141 seconds 
Number of updated asset objects reloaded before import = 0
Number of asset objects unloaded after import = 3
========================================================================
Received Import Request.
  Time since last request: 0.000036 seconds.
  path: Assets/TilpMap/Pallet/Light_Soil_Sample_137.asset
  artifactKey: Guid(8306fd98c8815b442910cfd809087bfa) Importer(815301076,1909f56bfc062723c751e8b465ee728b)
Start importing Assets/TilpMap/Pallet/Light_Soil_Sample_137.asset using Guid(8306fd98c8815b442910cfd809087bfa) Importer(815301076,1909f56bfc062723c751e8b465ee728b)  -> (artifact id: '7d24e2432a686e3d11cbc9f098ce9394') in 0.012358 seconds 
Number of updated asset objects reloaded before import = 0
Number of asset objects unloaded after import = 3
========================================================================
Received Import Request.
  Time since last request: 0.000025 seconds.
  path: Assets/TilpMap/Pallet/Light_Soil_Sample_136.asset
  artifactKey: Guid(2dd8e09055b0a334188b5ac60b29d138) Importer(815301076,1909f56bfc062723c751e8b465ee728b)
Start importing Assets/TilpMap/Pallet/Light_Soil_Sample_136.asset using Guid(2dd8e09055b0a334188b5ac60b29d138) Importer(815301076,1909f56bfc062723c751e8b465ee728b)  -> (artifact id: '343e5ec6a73c8a85ea3c94e0621ae43e') in 0.010787 seconds 
Number of updated asset objects reloaded before import = 0
Number of asset objects unloaded after import = 3
========================================================================
Received Import Request.
  Time since last request: 0.000031 seconds.
  path: Assets/TilpMap/Pallet/Light_Soil_Sample_91.asset
  artifactKey: Guid(2e92360918c9d6541ab2e776e454ae2e) Importer(815301076,1909f56bfc062723c751e8b465ee728b)
Start importing Assets/TilpMap/Pallet/Light_Soil_Sample_91.asset using Guid(2e92360918c9d6541ab2e776e454ae2e) Importer(815301076,1909f56bfc062723c751e8b465ee728b)  -> (artifact id: 'ef2605de7947fb3b9ebc57cacdbad6ef') in 0.011038 seconds 
Number of updated asset objects reloaded before import = 0
Number of asset objects unloaded after import = 3
========================================================================
Received Import Request.
  Time since last request: 0.000048 seconds.
  path: Assets/TilpMap/Pallet/Light_Soil_Sample_69.asset
  artifactKey: Guid(dde13384bc36f5646aa64201102f5ea3) Importer(815301076,1909f56bfc062723c751e8b465ee728b)
Start importing Assets/TilpMap/Pallet/Light_Soil_Sample_69.asset using Guid(dde13384bc36f5646aa64201102f5ea3) Importer(815301076,1909f56bfc062723c751e8b465ee728b)  -> (artifact id: 'bcbae0e73709f2c4b4ce954d44f55fb7') in 0.012092 seconds 
Number of updated asset objects reloaded before import = 0
Number of asset objects unloaded after import = 3
========================================================================
Received Import Request.
  Time since last request: 0.000047 seconds.
  path: Assets/TilpMap/Pallet/Light_Soil_Sample_114.asset
  artifactKey: Guid(94c33b9cdaccd024f881604bb8a459c8) Importer(815301076,1909f56bfc062723c751e8b465ee728b)
Start importing Assets/TilpMap/Pallet/Light_Soil_Sample_114.asset using Guid(94c33b9cdaccd024f881604bb8a459c8) Importer(815301076,1909f56bfc062723c751e8b465ee728b)  -> (artifact id: '0079f732041178c55ea0227da46078f8') in 0.011655 seconds 
Number of updated asset objects reloaded before import = 0
Number of asset objects unloaded after import = 3
========================================================================
Received Import Request.
  Time since last request: 0.000029 seconds.
  path: Assets/TilpMap/Pallet/Light_Soil_Sample_110.asset
  artifactKey: Guid(29a7b647abd6d834d90611a7c559290c) Importer(815301076,1909f56bfc062723c751e8b465ee728b)
Start importing Assets/TilpMap/Pallet/Light_Soil_Sample_110.asset using Guid(29a7b647abd6d834d90611a7c559290c) Importer(815301076,1909f56bfc062723c751e8b465ee728b)  -> (artifact id: 'e3f537ca68c4685ee3d7407791e4f94c') in 0.011605 seconds 
Number of updated asset objects reloaded before import = 0
Number of asset objects unloaded after import = 3
========================================================================
Received Import Request.
  Time since last request: 0.000030 seconds.
  path: Assets/TilpMap/Pallet/Light_Soil_Sample_71.asset
  artifactKey: Guid(d4ec1e3c38b252e46a3c55ffa8bee8fd) Importer(815301076,1909f56bfc062723c751e8b465ee728b)
Start importing Assets/TilpMap/Pallet/Light_Soil_Sample_71.asset using Guid(d4ec1e3c38b252e46a3c55ffa8bee8fd) Importer(815301076,1909f56bfc062723c751e8b465ee728b)  -> (artifact id: '168ab589750833780b788aa7e23a28a9') in 0.012000 seconds 
Number of updated asset objects reloaded before import = 0
Number of asset objects unloaded after import = 3
========================================================================
Received Import Request.
  Time since last request: 0.000031 seconds.
  path: Assets/TilpMap/Pallet/Light_Soil_Sample_109.asset
  artifactKey: Guid(70c8d868829029a45887af6017b42eb8) Importer(815301076,1909f56bfc062723c751e8b465ee728b)
Start importing Assets/TilpMap/Pallet/Light_Soil_Sample_109.asset using Guid(70c8d868829029a45887af6017b42eb8) Importer(815301076,1909f56bfc062723c751e8b465ee728b)  -> (artifact id: '7c52f772c2a6676de35c0f15cc99bd90') in 0.010587 seconds 
Number of updated asset objects reloaded before import = 0
Number of asset objects unloaded after import = 3
========================================================================
Received Import Request.
  Time since last request: 0.000027 seconds.
  path: Assets/TilpMap/Pallet/Light_Soil_Sample_72.asset
  artifactKey: Guid(b647ee1f7c00ba34f8ac7f1cacfccbaf) Importer(815301076,1909f56bfc062723c751e8b465ee728b)
Start importing Assets/TilpMap/Pallet/Light_Soil_Sample_72.asset using Guid(b647ee1f7c00ba34f8ac7f1cacfccbaf) Importer(815301076,1909f56bfc062723c751e8b465ee728b)  -> (artifact id: '309af7ce65e7e40b2c9b32543ef8d174') in 0.011557 seconds 
Number of updated asset objects reloaded before import = 0
Number of asset objects unloaded after import = 3
========================================================================
Received Import Request.
  Time since last request: 0.000033 seconds.
  path: Assets/TilpMap/Pallet/Light_Soil_Sample_132.asset
  artifactKey: Guid(7f7856149ffd85843a86c2a154956ef8) Importer(815301076,1909f56bfc062723c751e8b465ee728b)
Start importing Assets/TilpMap/Pallet/Light_Soil_Sample_132.asset using Guid(7f7856149ffd85843a86c2a154956ef8) Importer(815301076,1909f56bfc062723c751e8b465ee728b)  -> (artifact id: '763ac25bd97a1fb9490c5f2ea52bcf44') in 0.011918 seconds 
Number of updated asset objects reloaded before import = 0
Number of asset objects unloaded after import = 3
========================================================================
Received Import Request.
  Time since last request: 0.000017 seconds.
  path: Assets/TilpMap/Pallet/Light_Soil_Sample_70.asset
  artifactKey: Guid(f8baaf5bc16ba2f43a464a781ef53c8f) Importer(815301076,1909f56bfc062723c751e8b465ee728b)
Start importing Assets/TilpMap/Pallet/Light_Soil_Sample_70.asset using Guid(f8baaf5bc16ba2f43a464a781ef53c8f) Importer(815301076,1909f56bfc062723c751e8b465ee728b)  -> (artifact id: '5c91e10b7862c9cc2fa0133f9da82a78') in 0.011662 seconds 
Number of updated asset objects reloaded before import = 0
Number of asset objects unloaded after import = 3
========================================================================
Received Import Request.
  Time since last request: 0.000018 seconds.
  path: Assets/TilpMap/Pallet/Light_Soil_Sample_135.asset
  artifactKey: Guid(0ad6ce694b2758144a20e347476f4780) Importer(815301076,1909f56bfc062723c751e8b465ee728b)
Start importing Assets/TilpMap/Pallet/Light_Soil_Sample_135.asset using Guid(0ad6ce694b2758144a20e347476f4780) Importer(815301076,1909f56bfc062723c751e8b465ee728b)  -> (artifact id: '2c99235023b2206faecea7fd9ff971a8') in 0.012216 seconds 
Number of updated asset objects reloaded before import = 0
Number of asset objects unloaded after import = 3
Editor requested this worker to shutdown with reason: Scaling down because of idle timeout
AssetImportWorker is now disconnected from the server
Process exiting
Exiting without the bug reporter. Application will terminate with return code 0