Using pre-set license
Built from 'trunk' branch; Version is '2023.1.0a13 (fc04da902fb9) revision 16516314'; Using compiler version '192829333'; Build Type 'Release'
OS: 'Windows 10  (10.0.18363) 64bit ProfessionalWorkstation' Language: 'zh' Physical Memory: 30638 MB
BatchMode: 1, IsHumanControllingUs: 0, StartBugReporterOnCrash: 0, Is64bit: 1, IsPro: 1

COMMAND LINE ARGUMENTS:
D:\Unity3D\2023.1.0a13\Editor\Unity.exe
-adb2
-batchMode
-noUpm
-name
AssetImportWorker3
-projectPath
D:/Unity3D/Projects/EndWhereYouStart
-logFile
Logs/AssetImportWorker3.log
-srvPort
57614
Successfully changed project path to: D:/Unity3D/Projects/EndWhereYouStart
D:/Unity3D/Projects/EndWhereYouStart
[UnityMemory] Configuration Parameters - Can be set up in boot.config
    "memorysetup-bucket-allocator-granularity=16"
    "memorysetup-bucket-allocator-bucket-count=8"
    "memorysetup-bucket-allocator-block-size=33554432"
    "memorysetup-bucket-allocator-block-count=8"
    "memorysetup-main-allocator-block-size=16777216"
    "memorysetup-thread-allocator-block-size=16777216"
    "memorysetup-gfx-main-allocator-block-size=16777216"
    "memorysetup-gfx-thread-allocator-block-size=16777216"
    "memorysetup-cache-allocator-block-size=4194304"
    "memorysetup-typetree-allocator-block-size=2097152"
    "memorysetup-profiler-bucket-allocator-granularity=16"
    "memorysetup-profiler-bucket-allocator-bucket-count=8"
    "memorysetup-profiler-bucket-allocator-block-size=33554432"
    "memorysetup-profiler-bucket-allocator-block-count=8"
    "memorysetup-profiler-allocator-block-size=16777216"
    "memorysetup-profiler-editor-allocator-block-size=1048576"
    "memorysetup-temp-allocator-size-main=16777216"
    "memorysetup-job-temp-allocator-block-size=2097152"
    "memorysetup-job-temp-allocator-block-size-background=1048576"
    "memorysetup-job-temp-allocator-reduction-small-platforms=262144"
    "memorysetup-temp-allocator-size-background-worker=32768"
    "memorysetup-temp-allocator-size-job-worker=262144"
    "memorysetup-temp-allocator-size-preload-manager=33554432"
    "memorysetup-temp-allocator-size-nav-mesh-worker=65536"
    "memorysetup-temp-allocator-size-audio-worker=65536"
    "memorysetup-temp-allocator-size-cloud-worker=32768"
    "memorysetup-temp-allocator-size-gi-baking-worker=262144"
    "memorysetup-temp-allocator-size-gfx=262144"
Player connection [27996] Host "[IP] 172.24.2.230 [Port] 0 [Flags] 2 [Guid] 1517166389 [EditorId] 1517166389 [Version] 1048832 [Id] WindowsEditor(7,Zijia) [Debug] 1 [PackageName] WindowsEditor [ProjectName] Editor" joined multi-casting on [225.0.0.222:54997]...

Player connection [27996] Host "[IP] 172.24.2.230 [Port] 0 [Flags] 2 [Guid] 1517166389 [EditorId] 1517166389 [Version] 1048832 [Id] WindowsEditor(7,Zijia) [Debug] 1 [PackageName] WindowsEditor [ProjectName] Editor" joined alternative multi-casting on [225.0.0.222:34997]...

Initialize engine version: 2023.1.0a13 (fc04da902fb9)
[Subsystems] Discovering subsystems at path D:/Unity3D/2023.1.0a13/Editor/Data/Resources/UnitySubsystems
[Subsystems] Discovering subsystems at path D:/Unity3D/Projects/EndWhereYouStart/Assets
GfxDevice: creating device client; threaded=0; jobified=0
Direct3D:
    Version:  Direct3D 11.0 [level 11.1]
    Renderer: AMD Radeon(TM) Graphics (ID=0x1636)
    Vendor:   ATI
    VRAM:     15319 MB
    Driver:   26.20.14052.0
Initialize mono
Mono path[0] = 'D:/Unity3D/2023.1.0a13/Editor/Data/Managed'
Mono path[1] = 'D:/Unity3D/2023.1.0a13/Editor/Data/MonoBleedingEdge/lib/mono/unityjit-win32'
Mono config path = 'D:/Unity3D/2023.1.0a13/Editor/Data/MonoBleedingEdge/etc'
Using monoOptions --debugger-agent=transport=dt_socket,embedding=1,server=y,suspend=n,address=127.0.0.1:56716
Begin MonoManager ReloadAssembly
Registering precompiled unity dll's ...
Register platform support module: D:/Unity3D/2023.1.0a13/Editor/Data/PlaybackEngines/WindowsStandaloneSupport/UnityEditor.WindowsStandalone.Extensions.dll
Registered in 0.003835 seconds.
Refreshing native plugins compatible for Editor in 0.00 ms, found 0 plugins.
- Loaded All Assemblies, in  0.450 seconds
Native extension for WindowsStandalone target not found
Mono: successfully reloaded assembly
- Finished resetting the current domain, in  0.476 seconds
Domain Reload Profiling:
	ReloadAssembly (275ms)
		BeginReloadAssembly (151ms)
			ExecutionOrderSort (0ms)
			DisableScriptedObjects (0ms)
			BackupInstance (0ms)
			ReleaseScriptingObjects (0ms)
			CreateAndSetChildDomain (1ms)
		LoadAllAssembliesAndSetupDomain (174ms)
			LoadAssemblies (150ms)
			RebuildTransferFunctionScriptingTraits (0ms)
			AnalyzeDomain (170ms)
				TypeCache.Refresh (169ms)
					TypeCache.ScanAssembly (152ms)
				ScanForSourceGeneratedMonoScriptInfo (0ms)
				ResolveRequiredComponents (1ms)
		FinalizeReload (477ms)
			ReleaseScriptCaches (0ms)
			RebuildScriptCaches (0ms)
			SetupLoadedEditorAssemblies (417ms)
				LogAssemblyErrors (0ms)
				InitializePlatformSupportModulesInManaged (11ms)
				SetLoadedEditorAssemblies (8ms)
				RefreshPlugins (0ms)
				BeforeProcessingInitializeOnLoad (2ms)
				ProcessInitializeOnLoadAttributes (322ms)
				ProcessInitializeOnLoadMethodAttributes (75ms)
				AfterProcessingInitializeOnLoad (0ms)
				EditorAssembliesLoaded (0ms)
			ExecutionOrderSort2 (0ms)
			AwakeInstancesAfterBackupRestoration (0ms)
========================================================================
Worker process is ready to serve import requests
Registering precompiled user dll's ...
Registered in 0.004211 seconds.
Begin MonoManager ReloadAssembly
Symbol file LoadedFromMemory doesn't match image D:\Unity3D\Projects\EndWhereYouStart\Library\PackageCache\com.unity.visualscripting@1.7.8\Editor\VisualScripting.Core\Dependencies\YamlDotNet\Unity.VisualScripting.YamlDotNet.dll
Symbol file LoadedFromMemory doesn't match image D:\Unity3D\Projects\EndWhereYouStart\Library\PackageCache\com.unity.visualscripting@1.7.8\Editor\VisualScripting.Core\Dependencies\DotNetZip\Unity.VisualScripting.IonicZip.dll
- Loaded All Assemblies, in  1.431 seconds
Refreshing native plugins compatible for Editor in 1.78 ms, found 4 plugins.
Native extension for WindowsStandalone target not found
Mono: successfully reloaded assembly
- Finished resetting the current domain, in  0.981 seconds
Domain Reload Profiling:
	ReloadAssembly (346ms)
		BeginReloadAssembly (224ms)
			ExecutionOrderSort (0ms)
			DisableScriptedObjects (8ms)
			BackupInstance (0ms)
			ReleaseScriptingObjects (0ms)
			CreateAndSetChildDomain (34ms)
		LoadAllAssembliesAndSetupDomain (1085ms)
			LoadAssemblies (469ms)
			RebuildTransferFunctionScriptingTraits (0ms)
			AnalyzeDomain (744ms)
				TypeCache.Refresh (367ms)
					TypeCache.ScanAssembly (347ms)
				ScanForSourceGeneratedMonoScriptInfo (370ms)
				ResolveRequiredComponents (7ms)
		FinalizeReload (982ms)
			ReleaseScriptCaches (0ms)
			RebuildScriptCaches (0ms)
			SetupLoadedEditorAssemblies (779ms)
				LogAssemblyErrors (0ms)
				InitializePlatformSupportModulesInManaged (7ms)
				SetLoadedEditorAssemblies (11ms)
				RefreshPlugins (0ms)
				BeforeProcessingInitializeOnLoad (186ms)
				ProcessInitializeOnLoadAttributes (509ms)
				ProcessInitializeOnLoadMethodAttributes (63ms)
				AfterProcessingInitializeOnLoad (3ms)
				EditorAssembliesLoaded (0ms)
			ExecutionOrderSort2 (0ms)
			AwakeInstancesAfterBackupRestoration (11ms)
Launched and connected shader compiler UnityShaderCompiler.exe after 0.01 seconds
Refreshing native plugins compatible for Editor in 1.79 ms, found 4 plugins.
Preloading 0 native plugins for Editor in 0.00 ms.
Unloading 4304 Unused Serialized files (Serialized files now loaded: 0)
Unloading 40 unused Assets / (67.9 KB). Loaded Objects now: 4767.
Memory consumption went from 0.65 GB to 0.65 GB.
Total: 5.986000 ms (FindLiveObjects: 0.467300 ms CreateObjectMapping: 0.442700 ms MarkObjects: 4.933800 ms  DeleteObjects: 0.140800 ms)

AssetImportParameters requested are different than current active one (requested -> active):
  custom:video-decoder-webm-vp8: 9c59270c3fd7afecdb556c50c9e8de78 -> 
  custom:audio-encoder-webm-vorbis: bf7c407c2cedff20999df2af8eb42d56 -> 
  custom:AudioImporter_EditorPlatform: d09bf68614088b80899f8185d706f6e7 -> 
  custom:audio-decoder-ogg-vorbis: bf7c407c2cedff20999df2af8eb42d56 -> 
  custom:video-encoder-webm-vp8: eb34c28f22e8b96e1ab97ce403110664 -> 
  custom:container-demuxer-ogg: 62fdf1f143b41e24485cea50d1cbac27 -> 
  custom:framework-win-MediaFoundation: 216162199b28c13a410421893ffa2e32 -> 
  custom:video-decoder-ogg-theora: a1e56fd34408186e4bbccfd4996cb3dc -> 
  custom:container-muxer-webm: aa71ff27fc2769a1b78a27578f13a17b -> 
  custom:container-demuxer-webm: 4f35f7cbe854078d1ac9338744f61a02 -> 
========================================================================
Received Import Request.
  Time since last request: 13339.652103 seconds.
  path: Assets/Sprite/Temp/Leg.png
  artifactKey: Guid(72186849934bfde4484d95f21e9e9145) Importer(815301076,1909f56bfc062723c751e8b465ee728b)
Start importing Assets/Sprite/Temp/Leg.png using Guid(72186849934bfde4484d95f21e9e9145) Importer(815301076,1909f56bfc062723c751e8b465ee728b)  -> (artifact id: '513998d5f03e07da870f48003a18db57') in 0.134317 seconds 
Number of updated asset objects reloaded before import = 0
Number of asset objects unloaded after import = 3
========================================================================
Received Import Request.
  Time since last request: 0.000044 seconds.
  path: Assets/Sprite/Temp/Mountain_2-001.png
  artifactKey: Guid(68d595fbad75ba14eb26974e08fa7718) Importer(815301076,1909f56bfc062723c751e8b465ee728b)
Start importing Assets/Sprite/Temp/Mountain_2-001.png using Guid(68d595fbad75ba14eb26974e08fa7718) Importer(815301076,1909f56bfc062723c751e8b465ee728b)  -> (artifact id: '6e62fc4e3f0ae1f47540e9ffa2215f3c') in 0.014901 seconds 
Number of updated asset objects reloaded before import = 0
Number of asset objects unloaded after import = 3
========================================================================
Received Import Request.
  Time since last request: 0.000029 seconds.
  path: Assets/Sprite/Temp/RClick.png
  artifactKey: Guid(9dec916718111bc498a0b38c4a38b0e7) Importer(815301076,1909f56bfc062723c751e8b465ee728b)
Start importing Assets/Sprite/Temp/RClick.png using Guid(9dec916718111bc498a0b38c4a38b0e7) Importer(815301076,1909f56bfc062723c751e8b465ee728b)  -> (artifact id: '5e36848829464d6108b93774cf4700c0') in 0.015293 seconds 
Number of updated asset objects reloaded before import = 0
Number of asset objects unloaded after import = 3
========================================================================
Received Import Request.
  Time since last request: 0.000030 seconds.
  path: Assets/Sprite/Temp/body.png
  artifactKey: Guid(681cdb2853ae7144c815013a86c8da7c) Importer(815301076,1909f56bfc062723c751e8b465ee728b)
Start importing Assets/Sprite/Temp/body.png using Guid(681cdb2853ae7144c815013a86c8da7c) Importer(815301076,1909f56bfc062723c751e8b465ee728b)  -> (artifact id: '7009503c430a9e2e2bb89801f643e8dc') in 0.010922 seconds 
Number of updated asset objects reloaded before import = 0
Number of asset objects unloaded after import = 3
========================================================================
Received Import Request.
  Time since last request: 0.000022 seconds.
  path: Assets/Sprite/Temp/Weapon-Sword.png
  artifactKey: Guid(066cc7941702be2409b4c86b8dac4ea9) Importer(815301076,1909f56bfc062723c751e8b465ee728b)
Start importing Assets/Sprite/Temp/Weapon-Sword.png using Guid(066cc7941702be2409b4c86b8dac4ea9) Importer(815301076,1909f56bfc062723c751e8b465ee728b)  -> (artifact id: 'ce2d13164b0f70b7a58c609f514199b7') in 0.014384 seconds 
Number of updated asset objects reloaded before import = 0
Number of asset objects unloaded after import = 3
========================================================================
Received Import Request.
  Time since last request: 0.000027 seconds.
  path: Assets/Sprite/Temp/LR.png
  artifactKey: Guid(d0445638e7ec597449759ae5ebba1c20) Importer(815301076,1909f56bfc062723c751e8b465ee728b)
Start importing Assets/Sprite/Temp/LR.png using Guid(d0445638e7ec597449759ae5ebba1c20) Importer(815301076,1909f56bfc062723c751e8b465ee728b)  -> (artifact id: '24a8fb956d38a81aa0d9a0ce64b6466b') in 0.011862 seconds 
Number of updated asset objects reloaded before import = 0
Number of asset objects unloaded after import = 3
========================================================================
Received Import Request.
  Time since last request: 0.000020 seconds.
  path: Assets/Sprite/Temp/Hat-Helmet.png
  artifactKey: Guid(8eb2ff5d15ad57044863329a435b3394) Importer(815301076,1909f56bfc062723c751e8b465ee728b)
Start importing Assets/Sprite/Temp/Hat-Helmet.png using Guid(8eb2ff5d15ad57044863329a435b3394) Importer(815301076,1909f56bfc062723c751e8b465ee728b)  -> (artifact id: '9dbf44814eca1ccc6d77897f772c5cee') in 0.011005 seconds 
Number of updated asset objects reloaded before import = 0
Number of asset objects unloaded after import = 3
========================================================================
Received Import Request.
  Time since last request: 2.155557 seconds.
  path: Assets/TilpMap/Pallet/Light_Soil_Sample_70.asset
  artifactKey: Guid(f8baaf5bc16ba2f43a464a781ef53c8f) Importer(815301076,1909f56bfc062723c751e8b465ee728b)
Start importing Assets/TilpMap/Pallet/Light_Soil_Sample_70.asset using Guid(f8baaf5bc16ba2f43a464a781ef53c8f) Importer(815301076,1909f56bfc062723c751e8b465ee728b)  -> (artifact id: '08188738aa3a3280132933097179c9ef') in 0.063417 seconds 
Number of updated asset objects reloaded before import = 0
Number of asset objects unloaded after import = 3
========================================================================
Received Import Request.
  Time since last request: 0.000021 seconds.
  path: Assets/TilpMap/Pallet/Light_Soil_Sample_90.asset
  artifactKey: Guid(475210c82ae15f54ea792d39358256c9) Importer(815301076,1909f56bfc062723c751e8b465ee728b)
Start importing Assets/TilpMap/Pallet/Light_Soil_Sample_90.asset using Guid(475210c82ae15f54ea792d39358256c9) Importer(815301076,1909f56bfc062723c751e8b465ee728b)  -> (artifact id: 'd533e8b49e6cb02d2dbf5c855f870c35') in 0.023511 seconds 
Number of updated asset objects reloaded before import = 0
Number of asset objects unloaded after import = 3
========================================================================
Received Import Request.
  Time since last request: 0.000018 seconds.
  path: Assets/TilpMap/Pallet/Light_Soil_Sample_91.asset
  artifactKey: Guid(2e92360918c9d6541ab2e776e454ae2e) Importer(815301076,1909f56bfc062723c751e8b465ee728b)
Start importing Assets/TilpMap/Pallet/Light_Soil_Sample_91.asset using Guid(2e92360918c9d6541ab2e776e454ae2e) Importer(815301076,1909f56bfc062723c751e8b465ee728b)  -> (artifact id: '5eead8e351f418a452ff02ecdd1f7b32') in 0.016305 seconds 
Number of updated asset objects reloaded before import = 0
Number of asset objects unloaded after import = 3
========================================================================
Received Import Request.
  Time since last request: 0.000022 seconds.
  path: Assets/TilpMap/Pallet/Light_Soil_Sample_100.asset
  artifactKey: Guid(c1c95d43ea9877b47bc3eaf78ade759c) Importer(815301076,1909f56bfc062723c751e8b465ee728b)
Start importing Assets/TilpMap/Pallet/Light_Soil_Sample_100.asset using Guid(c1c95d43ea9877b47bc3eaf78ade759c) Importer(815301076,1909f56bfc062723c751e8b465ee728b)  -> (artifact id: 'fd5ea08616e50dd3aaf57a604863f327') in 0.014003 seconds 
Number of updated asset objects reloaded before import = 0
Number of asset objects unloaded after import = 3
========================================================================
Received Import Request.
  Time since last request: 0.000025 seconds.
  path: Assets/TilpMap/Pallet/Light_Soil_Sample_109.asset
  artifactKey: Guid(70c8d868829029a45887af6017b42eb8) Importer(815301076,1909f56bfc062723c751e8b465ee728b)
Start importing Assets/TilpMap/Pallet/Light_Soil_Sample_109.asset using Guid(70c8d868829029a45887af6017b42eb8) Importer(815301076,1909f56bfc062723c751e8b465ee728b)  -> (artifact id: 'f14c42558a16322c53a65b99707ecdf6') in 0.017734 seconds 
Number of updated asset objects reloaded before import = 0
Number of asset objects unloaded after import = 3
========================================================================
Received Import Request.
  Time since last request: 0.000019 seconds.
  path: Assets/TilpMap/Pallet/Light_Soil_Sample_132.asset
  artifactKey: Guid(7f7856149ffd85843a86c2a154956ef8) Importer(815301076,1909f56bfc062723c751e8b465ee728b)
Start importing Assets/TilpMap/Pallet/Light_Soil_Sample_132.asset using Guid(7f7856149ffd85843a86c2a154956ef8) Importer(815301076,1909f56bfc062723c751e8b465ee728b)  -> (artifact id: '7cc25e2246cda4cbaf32da6800697c05') in 0.018576 seconds 
Number of updated asset objects reloaded before import = 0
Number of asset objects unloaded after import = 3
========================================================================
Received Prepare
Registering precompiled user dll's ...
Registered in 0.004674 seconds.
Begin MonoManager ReloadAssembly
Symbol file LoadedFromMemory doesn't match image D:\Unity3D\Projects\EndWhereYouStart\Library\PackageCache\com.unity.visualscripting@1.7.8\Editor\VisualScripting.Core\Dependencies\YamlDotNet\Unity.VisualScripting.YamlDotNet.dll
Symbol file LoadedFromMemory doesn't match image D:\Unity3D\Projects\EndWhereYouStart\Library\PackageCache\com.unity.visualscripting@1.7.8\Editor\VisualScripting.Core\Dependencies\DotNetZip\Unity.VisualScripting.IonicZip.dll
- Loaded All Assemblies, in  0.753 seconds
Refreshing native plugins compatible for Editor in 1.68 ms, found 4 plugins.
Native extension for WindowsStandalone target not found
Mono: successfully reloaded assembly
- Finished resetting the current domain, in  1.561 seconds
Domain Reload Profiling:
	ReloadAssembly (313ms)
		BeginReloadAssembly (225ms)
			ExecutionOrderSort (0ms)
			DisableScriptedObjects (8ms)
			BackupInstance (0ms)
			ReleaseScriptingObjects (0ms)
			CreateAndSetChildDomain (62ms)
		LoadAllAssembliesAndSetupDomain (439ms)
			LoadAssemblies (162ms)
			RebuildTransferFunctionScriptingTraits (0ms)
			AnalyzeDomain (396ms)
				TypeCache.Refresh (0ms)
					TypeCache.ScanAssembly (0ms)
				ScanForSourceGeneratedMonoScriptInfo (388ms)
				ResolveRequiredComponents (7ms)
		FinalizeReload (1562ms)
			ReleaseScriptCaches (0ms)
			RebuildScriptCaches (0ms)
			SetupLoadedEditorAssemblies (1021ms)
				LogAssemblyErrors (0ms)
				InitializePlatformSupportModulesInManaged (23ms)
				SetLoadedEditorAssemblies (17ms)
				RefreshPlugins (0ms)
				BeforeProcessingInitializeOnLoad (246ms)
				ProcessInitializeOnLoadAttributes (671ms)
				ProcessInitializeOnLoadMethodAttributes (62ms)
				AfterProcessingInitializeOnLoad (3ms)
				EditorAssembliesLoaded (1ms)
			ExecutionOrderSort2 (0ms)
			AwakeInstancesAfterBackupRestoration (19ms)
Refreshing native plugins compatible for Editor in 1.90 ms, found 4 plugins.
Preloading 0 native plugins for Editor in 0.00 ms.
Unloading 4277 Unused Serialized files (Serialized files now loaded: 0)
Unloading 12 unused Assets / (29.9 KB). Loaded Objects now: 4793.
Memory consumption went from 0.64 GB to 0.64 GB.
Total: 6.950800 ms (FindLiveObjects: 1.132300 ms CreateObjectMapping: 0.332300 ms MarkObjects: 5.436800 ms  DeleteObjects: 0.046900 ms)

AssetImportParameters requested are different than current active one (requested -> active):
  custom:video-decoder-webm-vp8: 9c59270c3fd7afecdb556c50c9e8de78 -> 
  custom:audio-encoder-webm-vorbis: bf7c407c2cedff20999df2af8eb42d56 -> 
  custom:AudioImporter_EditorPlatform: d09bf68614088b80899f8185d706f6e7 -> 
  custom:audio-decoder-ogg-vorbis: bf7c407c2cedff20999df2af8eb42d56 -> 
  custom:video-encoder-webm-vp8: eb34c28f22e8b96e1ab97ce403110664 -> 
  custom:container-demuxer-ogg: 62fdf1f143b41e24485cea50d1cbac27 -> 
  custom:framework-win-MediaFoundation: 216162199b28c13a410421893ffa2e32 -> 
  custom:video-decoder-ogg-theora: a1e56fd34408186e4bbccfd4996cb3dc -> 
  custom:container-muxer-webm: aa71ff27fc2769a1b78a27578f13a17b -> 
  custom:container-demuxer-webm: 4f35f7cbe854078d1ac9338744f61a02 -> 
Editor requested this worker to shutdown with reason: Scaling down because of idle timeout
AssetImportWorker is now disconnected from the server
Process exiting
Exiting without the bug reporter. Application will terminate with return code 0